build/app/intermediates/manifest_merge_blame_file/release/manifest-merger-blame-release-report.txt
1<?xml version="1.0" encoding="utf-8"?>
2<manifest xmlns:android="http://schemas.android.com/apk/res/android"
3    package="com.example.nav_history"
4    android:versionCode="1"
5    android:versionName="1.0.0" >
6
7    <uses-sdk
8        android:minSdkVersion="21"
8-->src/main/AndroidManifest.xml
9        android:targetSdkVersion="33" />
9-->src/main/AndroidManifest.xml
10
11    <uses-permission android:name="android.permission.ACCESS_COARSE_LOCATION" />
11-->src/main/AndroidManifest.xml:2:5-81
11-->src/main/AndroidManifest.xml:2:22-78
12    <uses-permission android:name="android.permission.ACCESS_FINE_LOCATION" />
12-->src/main/AndroidManifest.xml:3:5-79
12-->src/main/AndroidManifest.xml:3:22-76
13    <uses-permission android:name="android.permission.ACCESS_NETWORK_STATE" />
13-->src/main/AndroidManifest.xml:4:5-79
13-->src/main/AndroidManifest.xml:4:22-76
14    <!--
15         Required to query activities that can process text, see:
16         https://developer.android.com/training/package-visibility?hl=en and
17         https://developer.android.com/reference/android/content/Intent#ACTION_PROCESS_TEXT.
18
19         In particular, this is used by the Flutter engine in io.flutter.plugin.text.ProcessTextPlugin.
20    -->
21    <queries>
21-->src/main/AndroidManifest.xml:41:5-46:15
22        <intent>
22-->src/main/AndroidManifest.xml:42:9-45:18
23            <action android:name="android.intent.action.PROCESS_TEXT" />
23-->src/main/AndroidManifest.xml:43:13-72
23-->src/main/AndroidManifest.xml:43:21-70
24
25            <data android:mimeType="text/plain" />
25-->src/main/AndroidManifest.xml:44:13-50
25-->src/main/AndroidManifest.xml:44:19-48
26        </intent>
27    </queries>
28
29    <uses-feature
29-->[com.mapbox.mapboxsdk:mapbox-android-sdk:9.6.2] AndroidManifest.xml:9:5-11:35
30        android:glEsVersion="0x00020000"
30-->[com.mapbox.mapboxsdk:mapbox-android-sdk:9.6.2] AndroidManifest.xml:10:9-41
31        android:required="true" />
31-->[com.mapbox.mapboxsdk:mapbox-android-sdk:9.6.2] AndroidManifest.xml:11:9-32
32    <uses-feature
32-->[com.mapbox.mapboxsdk:mapbox-android-sdk:9.6.2] AndroidManifest.xml:12:5-14:36
33        android:name="android.hardware.wifi"
33-->[com.mapbox.mapboxsdk:mapbox-android-sdk:9.6.2] AndroidManifest.xml:13:9-45
34        android:required="false" /> <!-- Implied by ACCESS_WIFI_STATE. -->
34-->[com.mapbox.mapboxsdk:mapbox-android-sdk:9.6.2] AndroidManifest.xml:14:9-33
35    <uses-permission android:name="android.permission.INTERNET" />
35-->[com.mapbox.mapboxsdk:mapbox-android-sdk:9.6.2] AndroidManifest.xml:16:5-67
35-->[com.mapbox.mapboxsdk:mapbox-android-sdk:9.6.2] AndroidManifest.xml:16:22-64
36    <uses-permission android:name="android.permission.ACCESS_WIFI_STATE" /> <!-- Required for CrashReporterJobIntentService on API levels below 25 -->
36-->[com.mapbox.mapboxsdk:mapbox-android-sdk:9.6.2] AndroidManifest.xml:18:5-76
36-->[com.mapbox.mapboxsdk:mapbox-android-sdk:9.6.2] AndroidManifest.xml:18:22-73
37    <uses-permission android:name="android.permission.WAKE_LOCK" />
37-->[com.mapbox.mapboxsdk:mapbox-android-telemetry-okhttp3:8.1.0] AndroidManifest.xml:12:5-68
37-->[com.mapbox.mapboxsdk:mapbox-android-telemetry-okhttp3:8.1.0] AndroidManifest.xml:12:22-65
38    <uses-permission
38-->[com.mapbox.mapboxsdk:mapbox-android-telemetry-okhttp3:8.1.0] AndroidManifest.xml:16:5-18:38
39        android:name="android.permission.GET_TASKS"
39-->[com.mapbox.mapboxsdk:mapbox-android-telemetry-okhttp3:8.1.0] AndroidManifest.xml:17:9-52
40        android:maxSdkVersion="20" />
40-->[com.mapbox.mapboxsdk:mapbox-android-telemetry-okhttp3:8.1.0] AndroidManifest.xml:18:9-35
41
42    <application
43        android:name="android.app.Application"
43-->src/main/AndroidManifest.xml:7:9-42
44        android:appComponentFactory="androidx.core.app.CoreComponentFactory"
44-->[androidx.core:core:1.6.0] AndroidManifest.xml:24:18-86
45        android:icon="@mipmap/ic_launcher"
45-->src/main/AndroidManifest.xml:8:9-43
46        android:label="nav_history" >
46-->src/main/AndroidManifest.xml:6:9-36
47        <activity
47-->src/main/AndroidManifest.xml:9:9-29:20
48            android:name="com.example.nav_history.MainActivity"
48-->src/main/AndroidManifest.xml:10:13-41
49            android:configChanges="orientation|keyboardHidden|keyboard|screenSize|smallestScreenSize|locale|layoutDirection|fontScale|screenLayout|density|uiMode"
49-->src/main/AndroidManifest.xml:14:13-163
50            android:exported="true"
50-->src/main/AndroidManifest.xml:11:13-36
51            android:hardwareAccelerated="true"
51-->src/main/AndroidManifest.xml:15:13-47
52            android:launchMode="singleTop"
52-->src/main/AndroidManifest.xml:12:13-43
53            android:theme="@style/LaunchTheme"
53-->src/main/AndroidManifest.xml:13:13-47
54            android:windowSoftInputMode="adjustResize" >
54-->src/main/AndroidManifest.xml:16:13-55
55
56            <!--
57                 Specifies an Android theme to apply to this Activity as soon as
58                 the Android process has started. This theme is visible to the user
59                 while the Flutter UI initializes. After that, this theme continues
60                 to determine the Window background behind the Flutter UI.
61            -->
62            <meta-data
62-->src/main/AndroidManifest.xml:21:13-24:17
63                android:name="io.flutter.embedding.android.NormalTheme"
63-->src/main/AndroidManifest.xml:22:15-70
64                android:resource="@style/NormalTheme" />
64-->src/main/AndroidManifest.xml:23:15-52
65
66            <intent-filter>
66-->src/main/AndroidManifest.xml:25:13-28:29
67                <action android:name="android.intent.action.MAIN" />
67-->src/main/AndroidManifest.xml:26:17-68
67-->src/main/AndroidManifest.xml:26:25-66
68
69                <category android:name="android.intent.category.LAUNCHER" />
69-->src/main/AndroidManifest.xml:27:17-76
69-->src/main/AndroidManifest.xml:27:27-74
70            </intent-filter>
71        </activity>
72        <!--
73             Don't delete the meta-data below.
74             This is used by the Flutter tool to generate GeneratedPluginRegistrant.java
75        -->
76        <meta-data
76-->src/main/AndroidManifest.xml:32:9-34:33
77            android:name="flutterEmbedding"
77-->src/main/AndroidManifest.xml:33:13-44
78            android:value="2" />
78-->src/main/AndroidManifest.xml:34:13-30
79
80        <uses-library
80-->[androidx.window:window:1.0.0-beta04] AndroidManifest.xml:25:9-27:40
81            android:name="androidx.window.extensions"
81-->[androidx.window:window:1.0.0-beta04] AndroidManifest.xml:26:13-54
82            android:required="false" />
82-->[androidx.window:window:1.0.0-beta04] AndroidManifest.xml:27:13-37
83        <uses-library
83-->[androidx.window:window:1.0.0-beta04] AndroidManifest.xml:28:9-30:40
84            android:name="androidx.window.sidecar"
84-->[androidx.window:window:1.0.0-beta04] AndroidManifest.xml:29:13-51
85            android:required="false" /> <!-- Offline download region picker activity -->
85-->[androidx.window:window:1.0.0-beta04] AndroidManifest.xml:30:13-37
86        <activity
86-->[com.mapbox.mapboxsdk:mapbox-android-plugin-offline-v9:0.7.0] AndroidManifest.xml:12:9-14:125
87            android:name="com.mapbox.mapboxsdk.plugins.offline.ui.OfflineActivity"
87-->[com.mapbox.mapboxsdk:mapbox-android-plugin-offline-v9:0.7.0] AndroidManifest.xml:13:13-83
88            android:configChanges="keyboard|keyboardHidden|orientation|screenLayout|uiMode|screenSize|smallestScreenSize" /> <!-- Offline download service -->
88-->[com.mapbox.mapboxsdk:mapbox-android-plugin-offline-v9:0.7.0] AndroidManifest.xml:14:13-122
89        <service
89-->[com.mapbox.mapboxsdk:mapbox-android-plugin-offline-v9:0.7.0] AndroidManifest.xml:17:9-19:40
90            android:name="com.mapbox.mapboxsdk.plugins.offline.offline.OfflineDownloadService"
90-->[com.mapbox.mapboxsdk:mapbox-android-plugin-offline-v9:0.7.0] AndroidManifest.xml:18:13-95
91            android:exported="false" />
91-->[com.mapbox.mapboxsdk:mapbox-android-plugin-offline-v9:0.7.0] AndroidManifest.xml:19:13-37
92
93        <provider
93-->[com.mapbox.mapboxsdk:mapbox-android-telemetry-okhttp3:8.1.0] AndroidManifest.xml:21:9-25:39
94            android:name="com.mapbox.android.telemetry.provider.MapboxTelemetryInitProvider"
94-->[com.mapbox.mapboxsdk:mapbox-android-telemetry-okhttp3:8.1.0] AndroidManifest.xml:22:13-93
95            android:authorities="com.example.nav_history.mapboxtelemetryinitprovider"
95-->[com.mapbox.mapboxsdk:mapbox-android-telemetry-okhttp3:8.1.0] AndroidManifest.xml:23:13-79
96            android:exported="false"
96-->[com.mapbox.mapboxsdk:mapbox-android-telemetry-okhttp3:8.1.0] AndroidManifest.xml:24:13-37
97            android:initOrder="100" />
97-->[com.mapbox.mapboxsdk:mapbox-android-telemetry-okhttp3:8.1.0] AndroidManifest.xml:25:13-36
98
99        <service
99-->[com.mapbox.mapboxsdk:mapbox-android-telemetry-okhttp3:8.1.0] AndroidManifest.xml:27:9-30:72
100            android:name="com.mapbox.android.telemetry.errors.ErrorReporterJobIntentService"
100-->[com.mapbox.mapboxsdk:mapbox-android-telemetry-okhttp3:8.1.0] AndroidManifest.xml:28:13-93
101            android:exported="false"
101-->[com.mapbox.mapboxsdk:mapbox-android-telemetry-okhttp3:8.1.0] AndroidManifest.xml:29:13-37
102            android:permission="android.permission.BIND_JOB_SERVICE" />
102-->[com.mapbox.mapboxsdk:mapbox-android-telemetry-okhttp3:8.1.0] AndroidManifest.xml:30:13-69
103        <service
103-->[com.mapbox.mapboxsdk:mapbox-android-telemetry-okhttp3:8.1.0] AndroidManifest.xml:31:9-33:40
104            android:name="com.mapbox.android.telemetry.MapboxTelemetryService"
104-->[com.mapbox.mapboxsdk:mapbox-android-telemetry-okhttp3:8.1.0] AndroidManifest.xml:32:13-79
105            android:exported="false" />
105-->[com.mapbox.mapboxsdk:mapbox-android-telemetry-okhttp3:8.1.0] AndroidManifest.xml:33:13-37
106    </application>
107
108</manifest>